This is pdfTeX, Version 3.14159265-2.6-1.40.20 (TeX Live 2019) (preloaded format=pdflatex 2019.6.30)  25 MAR 2020 10:46
entering extended mode
 restricted \write18 enabled.
 %&-line parsing enabled.
**main.tex
(./main.tex
LaTeX2e <2018-12-01>
(/usr/local/texlive/2019/texmf-dist/tex/latex/base/article.cls
Document Class: article 2018/09/03 v1.4i Standard LaTeX document class
(/usr/local/texlive/2019/texmf-dist/tex/latex/base/size11.clo
File: size11.clo 2018/09/03 v1.4i Standard LaTeX file (size option)
)
\c@part=\count80
\c@section=\count81
\c@subsection=\count82
\c@subsubsection=\count83
\c@paragraph=\count84
\c@subparagraph=\count85
\c@figure=\count86
\c@table=\count87
\abovecaptionskip=\skip41
\belowcaptionskip=\skip42
\bibindent=\dimen102
)
(/usr/local/texlive/2019/texmf-dist/tex/latex/base/inputenc.sty
Package: inputenc 2018/08/11 v1.3c Input encoding file
\inpenc@prehook=\toks14
\inpenc@posthook=\toks15
)
(/usr/local/texlive/2019/texmf-dist/tex/latex/preprint/fullpage.sty
Package: fullpage 1999/02/23 1.1 (PWD)
\FP@margin=\skip43
)
(/usr/local/texlive/2019/texmf-dist/tex/latex/base/fontenc.sty
Package: fontenc 2018/08/11 v2.0j Standard LaTeX package

(/usr/local/texlive/2019/texmf-dist/tex/latex/base/t1enc.def
File: t1enc.def 2018/08/11 v2.0j Standard LaTeX file
LaTeX Font Info:    Redeclaring font encoding T1 on input line 48.
))
(/usr/local/texlive/2019/texmf-dist/tex/generic/babel/babel.sty
Package: babel 2019/05/04 3.31 The Babel package

(/usr/local/texlive/2019/texmf-dist/tex/generic/babel/switch.def
File: switch.def 2019/05/04 3.31 Babel switching mechanism
)
(/usr/local/texlive/2019/texmf-dist/tex/generic/babel-english/english.ldf
Language: english 2017/06/06 v3.3r English support from the babel system

(/usr/local/texlive/2019/texmf-dist/tex/generic/babel/babel.def
File: babel.def 2019/05/04 3.31 Babel common definitions
\babel@savecnt=\count88
\U@D=\dimen103

(/usr/local/texlive/2019/texmf-dist/tex/generic/babel/txtbabel.def)
\bbl@dirlevel=\count89
)
\l@canadian = a dialect from \language\l@american 
\l@australian = a dialect from \language\l@british 
\l@newzealand = a dialect from \language\l@british 
))
(/usr/local/texlive/2019/texmf-dist/tex/latex/xcolor/xcolor.sty
Package: xcolor 2016/05/11 v2.12 LaTeX color extensions (UK)

(/usr/local/texlive/2019/texmf-dist/tex/latex/graphics-cfg/color.cfg
File: color.cfg 2016/01/02 v1.6 sample color configuration
)
Package xcolor Info: Driver file: pdftex.def on input line 225.

(/usr/local/texlive/2019/texmf-dist/tex/latex/graphics-def/pdftex.def
File: pdftex.def 2018/01/08 v1.0l Graphics/color driver for pdftex
)
Package xcolor Info: Model `cmy' substituted by `cmy0' on input line 1348.
Package xcolor Info: Model `hsb' substituted by `rgb' on input line 1352.
Package xcolor Info: Model `RGB' extended on input line 1364.
Package xcolor Info: Model `HTML' substituted by `rgb' on input line 1366.
Package xcolor Info: Model `Hsb' substituted by `hsb' on input line 1367.
Package xcolor Info: Model `tHsb' substituted by `hsb' on input line 1368.
Package xcolor Info: Model `HSB' substituted by `hsb' on input line 1369.
Package xcolor Info: Model `Gray' substituted by `gray' on input line 1370.
Package xcolor Info: Model `wave' substituted by `hsb' on input line 1371.
)
(/usr/local/texlive/2019/texmf-dist/tex/latex/amsmath/amsmath.sty
Package: amsmath 2018/12/01 v2.17b AMS math features
\@mathmargin=\skip44

For additional information on amsmath, use the `?' option.
(/usr/local/texlive/2019/texmf-dist/tex/latex/amsmath/amstext.sty
Package: amstext 2000/06/29 v2.01 AMS text

(/usr/local/texlive/2019/texmf-dist/tex/latex/amsmath/amsgen.sty
File: amsgen.sty 1999/11/30 v2.0 generic functions
\@emptytoks=\toks16
\ex@=\dimen104
))
(/usr/local/texlive/2019/texmf-dist/tex/latex/amsmath/amsbsy.sty
Package: amsbsy 1999/11/29 v1.2d Bold Symbols
\pmbraise@=\dimen105
)
(/usr/local/texlive/2019/texmf-dist/tex/latex/amsmath/amsopn.sty
Package: amsopn 2016/03/08 v2.02 operator names
)
\inf@bad=\count90
LaTeX Info: Redefining \frac on input line 223.
\uproot@=\count91
\leftroot@=\count92
LaTeX Info: Redefining \overline on input line 385.
\classnum@=\count93
\DOTSCASE@=\count94
LaTeX Info: Redefining \ldots on input line 482.
LaTeX Info: Redefining \dots on input line 485.
LaTeX Info: Redefining \cdots on input line 606.
\Mathstrutbox@=\box27
\strutbox@=\box28
\big@size=\dimen106
LaTeX Font Info:    Redeclaring font encoding OML on input line 729.
LaTeX Font Info:    Redeclaring font encoding OMS on input line 730.
\macc@depth=\count95
\c@MaxMatrixCols=\count96
\dotsspace@=\muskip10
\c@parentequation=\count97
\dspbrk@lvl=\count98
\tag@help=\toks17
\row@=\count99
\column@=\count100
\maxfields@=\count101
\andhelp@=\toks18
\eqnshift@=\dimen107
\alignsep@=\dimen108
\tagshift@=\dimen109
\tagwidth@=\dimen110
\totwidth@=\dimen111
\lineht@=\dimen112
\@envbody=\toks19
\multlinegap=\skip45
\multlinetaggap=\skip46
\mathdisplay@stack=\toks20
LaTeX Info: Redefining \[ on input line 2844.
LaTeX Info: Redefining \] on input line 2845.
)
(/usr/local/texlive/2019/texmf-dist/tex/latex/amsfonts/amssymb.sty
Package: amssymb 2013/01/14 v3.01 AMS font symbols

(/usr/local/texlive/2019/texmf-dist/tex/latex/amsfonts/amsfonts.sty
Package: amsfonts 2013/01/14 v3.01 Basic AMSFonts support
\symAMSa=\mathgroup4
\symAMSb=\mathgroup5
LaTeX Font Info:    Overwriting math alphabet `\mathfrak' in version `bold'
(Font)                  U/euf/m/n --> U/euf/b/n on input line 106.
))
(/usr/local/texlive/2019/texmf-dist/tex/latex/amscls/amsthm.sty
Package: amsthm 2017/10/31 v2.20.4
\thm@style=\toks21
\thm@bodyfont=\toks22
\thm@headfont=\toks23
\thm@notefont=\toks24
\thm@headpunct=\toks25
\thm@preskip=\skip47
\thm@postskip=\skip48
\thm@headsep=\skip49
\dth@everypar=\toks26
)
(/usr/local/texlive/2019/texmf-dist/tex/latex/jknapltx/mathrsfs.sty
Package: mathrsfs 1996/01/01 Math RSFS package v1.0 (jk)
\symrsfs=\mathgroup6
)
(/usr/local/texlive/2019/texmf-dist/tex/latex/chemarrow/chemarrow.sty
\z@=\dimen113
\z@skip=\skip50
\autotop=\dimen114
\autobottom=\dimen115
\autosize=\dimen116
)
(/usr/local/texlive/2019/texmf-dist/tex/latex/oberdiek/stackrel.sty
Package: stackrel 2016/05/16 v1.3 Adding subscript option to stackrel (HO)

(/usr/local/texlive/2019/texmf-dist/tex/generic/oberdiek/etexcmds.sty
Package: etexcmds 2016/05/16 v1.6 Avoid name clashes with e-TeX commands (HO)

(/usr/local/texlive/2019/texmf-dist/tex/generic/oberdiek/infwarerr.sty
Package: infwarerr 2016/05/16 v1.4 Providing info/warning/error messages (HO)
)
(/usr/local/texlive/2019/texmf-dist/tex/generic/oberdiek/ifluatex.sty
Package: ifluatex 2016/05/16 v1.4 Provides the ifluatex switch (HO)
Package ifluatex Info: LuaTeX not detected.
))
(/usr/local/texlive/2019/texmf-dist/tex/generic/oberdiek/pdftexcmds.sty
Package: pdftexcmds 2018/09/10 v0.29 Utility functions of pdfTeX for LuaTeX (HO
)

(/usr/local/texlive/2019/texmf-dist/tex/generic/oberdiek/ltxcmds.sty
Package: ltxcmds 2016/05/16 v1.23 LaTeX kernel commands for general use (HO)
)
(/usr/local/texlive/2019/texmf-dist/tex/generic/oberdiek/ifpdf.sty
Package: ifpdf 2018/09/07 v3.3 Provides the ifpdf switch
)
Package pdftexcmds Info: LuaTeX not detected.
Package pdftexcmds Info: \pdf@primitive is available.
Package pdftexcmds Info: \pdf@ifprimitive is available.
Package pdftexcmds Info: \pdfdraftmode found.
))
(/usr/local/texlive/2019/texmf-dist/tex/latex/doublestroke/dsfont.sty
Package: dsfont 1995/08/01 v0.1 Double stroke roman fonts
)
(/usr/local/texlive/2019/texmf-dist/tex/latex/graphics/graphicx.sty
Package: graphicx 2017/06/01 v1.1a Enhanced LaTeX Graphics (DPC,SPQR)

(/usr/local/texlive/2019/texmf-dist/tex/latex/graphics/keyval.sty
Package: keyval 2014/10/28 v1.15 key=value parser (DPC)
\KV@toks@=\toks27
)
(/usr/local/texlive/2019/texmf-dist/tex/latex/graphics/graphics.sty
Package: graphics 2017/06/25 v1.2c Standard LaTeX Graphics (DPC,SPQR)

(/usr/local/texlive/2019/texmf-dist/tex/latex/graphics/trig.sty
Package: trig 2016/01/03 v1.10 sin cos tan (DPC)
)
(/usr/local/texlive/2019/texmf-dist/tex/latex/graphics-cfg/graphics.cfg
File: graphics.cfg 2016/06/04 v1.11 sample graphics configuration
)
Package graphics Info: Driver file: pdftex.def on input line 99.
)
\Gin@req@height=\dimen117
\Gin@req@width=\dimen118
)
(/usr/local/texlive/2019/texmf-dist/tex/latex/caption/subcaption.sty
Package: subcaption 2018/05/01 v1.1-162 Sub-captions (AR)

(/usr/local/texlive/2019/texmf-dist/tex/latex/caption/caption.sty
Package: caption 2018/10/06 v3.3-154 Customizing captions (AR)

(/usr/local/texlive/2019/texmf-dist/tex/latex/caption/caption3.sty
Package: caption3 2018/09/12 v1.8c caption3 kernel (AR)
Package caption3 Info: TeX engine: e-TeX on input line 64.
\captionmargin=\dimen119
\captionmargin@=\dimen120
\captionwidth=\dimen121
\caption@tempdima=\dimen122
\caption@indent=\dimen123
\caption@parindent=\dimen124
\caption@hangindent=\dimen125
)
\c@caption@flags=\count102
\c@ContinuedFloat=\count103
)
\c@subfigure=\count104
\c@subtable=\count105
)
(/usr/local/texlive/2019/texmf-dist/tex/latex/natbib/natbib.sty
Package: natbib 2010/09/13 8.31b (PWD, AO)
\bibhang=\skip51
\bibsep=\skip52
LaTeX Info: Redefining \cite on input line 694.
\c@NAT@ctr=\count106
)
(/usr/local/texlive/2019/texmf-dist/tex/latex/titlesec/titlesec.sty
Package: titlesec 2016/03/21 v2.10.2 Sectioning titles
\ttl@box=\box29
\beforetitleunit=\skip53
\aftertitleunit=\skip54
\ttl@plus=\dimen126
\ttl@minus=\dimen127
\ttl@toksa=\toks28
\titlewidth=\dimen128
\titlewidthlast=\dimen129
\titlewidthfirst=\dimen130
)
(/usr/local/texlive/2019/texmf-dist/tex/latex/titlesec/block.tss
File: block.tss 2016/03/15
)
(/usr/local/texlive/2019/texmf-dist/tex/latex/microtype/microtype.sty
Package: microtype 2019/02/28 v2.7b Micro-typographical refinements (RS)
\MT@toks=\toks29
\MT@count=\count107
LaTeX Info: Redefining \textls on input line 790.
\MT@outer@kern=\dimen131
LaTeX Info: Redefining \textmicrotypecontext on input line 1336.
\MT@listname@count=\count108

(/usr/local/texlive/2019/texmf-dist/tex/latex/microtype/microtype-pdftex.def
File: microtype-pdftex.def 2019/02/28 v2.7b Definitions specific to pdftex (RS)

LaTeX Info: Redefining \lsstyle on input line 914.
LaTeX Info: Redefining \lslig on input line 914.
\MT@outer@space=\skip55
)
Package microtype Info: Loading configuration file microtype.cfg.

(/usr/local/texlive/2019/texmf-dist/tex/latex/microtype/microtype.cfg
File: microtype.cfg 2019/02/28 v2.7b microtype main configuration file (RS)
))
(/usr/local/texlive/2019/texmf-dist/tex/latex/tools/array.sty
Package: array 2018/12/30 v2.4k Tabular extension package (FMi)
\col@sep=\dimen132
\ar@mcellbox=\box30
\extrarowheight=\dimen133
\NC@list=\toks30
\extratabsurround=\skip56
\backup@length=\skip57
\ar@cellbox=\box31
)
(/usr/local/texlive/2019/texmf-dist/tex/latex/booktabs/booktabs.sty
Package: booktabs 2016/04/27 v1.618033 publication quality tables
\heavyrulewidth=\dimen134
\lightrulewidth=\dimen135
\cmidrulewidth=\dimen136
\belowrulesep=\dimen137
\belowbottomsep=\dimen138
\aboverulesep=\dimen139
\abovetopsep=\dimen140
\cmidrulesep=\dimen141
\cmidrulekern=\dimen142
\defaultaddspace=\dimen143
\@cmidla=\count109
\@cmidlb=\count110
\@aboverulesep=\dimen144
\@belowrulesep=\dimen145
\@thisruleclass=\count111
\@lastruleclass=\count112
\@thisrulewidth=\dimen146
)
(/usr/local/texlive/2019/texmf-dist/tex/latex/makecell/makecell.sty
Package: makecell 2009/08/03 V0.1e Managing of Tab Column Heads and Cells
\rotheadsize=\dimen147
\c@nlinenum=\count113
\TeXr@lab=\toks31
)
(/usr/local/texlive/2019/texmf-dist/tex/latex/lineno/lineno.sty
Package: lineno 2005/11/02 line numbers on paragraphs v4.41
\linenopenalty=\count114
\output=\toks32
\linenoprevgraf=\count115
\linenumbersep=\dimen148
\linenumberwidth=\dimen149
\c@linenumber=\count116
\c@pagewiselinenumber=\count117
\c@LN@truepage=\count118
\c@internallinenumber=\count119
\c@internallinenumbers=\count120
\quotelinenumbersep=\dimen150
\bframerule=\dimen151
\bframesep=\dimen152
\bframebox=\box32
LaTeX Info: Redefining \\ on input line 3056.
)
(/usr/local/texlive/2019/texmf-dist/tex/latex/showlabels/showlabels.sty
Package: showlabels 2016/06/09 v1.8

Package: `showlabels' v1.8 <2016/06/09>
with amsmath equation tags
\SL@labelposition=\count121
) (/usr/local/texlive/2019/texmf-dist/tex/latex/hyperref/hyperref.sty
Package: hyperref 2018/11/30 v6.88e Hypertext links for LaTeX

(/usr/local/texlive/2019/texmf-dist/tex/generic/oberdiek/hobsub-hyperref.sty
Package: hobsub-hyperref 2016/05/16 v1.14 Bundle oberdiek, subset hyperref (HO)


(/usr/local/texlive/2019/texmf-dist/tex/generic/oberdiek/hobsub-generic.sty
Package: hobsub-generic 2016/05/16 v1.14 Bundle oberdiek, subset generic (HO)
Package: hobsub 2016/05/16 v1.14 Construct package bundles (HO)
Package hobsub Info: Skipping package `infwarerr' (already loaded).
Package hobsub Info: Skipping package `ltxcmds' (already loaded).
Package hobsub Info: Skipping package `ifluatex' (already loaded).
Package: ifvtex 2016/05/16 v1.6 Detect VTeX and its facilities (HO)
Package ifvtex Info: VTeX not detected.
Package: intcalc 2016/05/16 v1.2 Expandable calculations with integers (HO)
Package hobsub Info: Skipping package `ifpdf' (already loaded).
Package hobsub Info: Skipping package `etexcmds' (already loaded).
Package: kvsetkeys 2016/05/16 v1.17 Key value parser (HO)
Package: kvdefinekeys 2016/05/16 v1.4 Define keys (HO)
Package hobsub Info: Skipping package `pdftexcmds' (already loaded).
Package: pdfescape 2016/05/16 v1.14 Implements pdfTeX's escape features (HO)
Package: bigintcalc 2016/05/16 v1.4 Expandable calculations on big integers (HO
)
Package: bitset 2016/05/16 v1.2 Handle bit-vector datatype (HO)
Package: uniquecounter 2016/05/16 v1.3 Provide unlimited unique counter (HO)
)
Package hobsub Info: Skipping package `hobsub' (already loaded).
Package: letltxmacro 2016/05/16 v1.5 Let assignment for LaTeX macros (HO)
Package: hopatch 2016/05/16 v1.3 Wrapper for package hooks (HO)
Package: xcolor-patch 2016/05/16 xcolor patch
Package: atveryend 2016/05/16 v1.9 Hooks at the very end of document (HO)
Package atveryend Info: \enddocument detected (standard20110627).
Package: atbegshi 2016/06/09 v1.18 At begin shipout hook (HO)
Package: refcount 2016/05/16 v3.5 Data extraction from label references (HO)
Package: hycolor 2016/05/16 v1.8 Color options for hyperref/bookmark (HO)
)
(/usr/local/texlive/2019/texmf-dist/tex/generic/ifxetex/ifxetex.sty
Package: ifxetex 2010/09/12 v0.6 Provides ifxetex conditional
)
(/usr/local/texlive/2019/texmf-dist/tex/latex/oberdiek/auxhook.sty
Package: auxhook 2016/05/16 v1.4 Hooks for auxiliary files (HO)
)
(/usr/local/texlive/2019/texmf-dist/tex/latex/oberdiek/kvoptions.sty
Package: kvoptions 2016/05/16 v3.12 Key value format for package options (HO)
)
\@linkdim=\dimen153
\Hy@linkcounter=\count122
\Hy@pagecounter=\count123

(/usr/local/texlive/2019/texmf-dist/tex/latex/hyperref/pd1enc.def
File: pd1enc.def 2018/11/30 v6.88e Hyperref: PDFDocEncoding definition (HO)
Now handling font encoding PD1 ...
... no UTF-8 mapping file for font encoding PD1
)
\Hy@SavedSpaceFactor=\count124

(/usr/local/texlive/2019/texmf-dist/tex/latex/latexconfig/hyperref.cfg
File: hyperref.cfg 2002/06/06 v1.2 hyperref configuration of TeXLive
)
Package hyperref Info: Option `breaklinks' set `true' on input line 4393.
Package hyperref Info: Option `colorlinks' set `true' on input line 4393.
Package hyperref Info: Hyper figures OFF on input line 4519.
Package hyperref Info: Link nesting OFF on input line 4524.
Package hyperref Info: Hyper index ON on input line 4527.
Package hyperref Info: Plain pages OFF on input line 4534.
Package hyperref Info: Backreferencing OFF on input line 4539.
Package hyperref Info: Implicit mode ON; LaTeX internals redefined.
Package hyperref Info: Bookmarks ON on input line 4772.
\c@Hy@tempcnt=\count125

(/usr/local/texlive/2019/texmf-dist/tex/latex/url/url.sty
\Urlmuskip=\muskip11
Package: url 2013/09/16  ver 3.4  Verb mode for urls, etc.
)
LaTeX Info: Redefining \url on input line 5125.
\XeTeXLinkMargin=\dimen154
\Fld@menulength=\count126
\Field@Width=\dimen155
\Fld@charsize=\dimen156
Package hyperref Info: Hyper figures OFF on input line 6380.
Package hyperref Info: Link nesting OFF on input line 6385.
Package hyperref Info: Hyper index ON on input line 6388.
Package hyperref Info: backreferencing OFF on input line 6395.
Package hyperref Info: Link coloring ON on input line 6398.
Package hyperref Info: Link coloring with OCG OFF on input line 6405.
Package hyperref Info: PDF/A mode OFF on input line 6410.
LaTeX Info: Redefining \ref on input line 6450.
LaTeX Info: Redefining \pageref on input line 6454.
\Hy@abspage=\count127
\c@Item=\count128
\c@Hfootnote=\count129
)
Package hyperref Info: Driver: hpdftex.

(/usr/local/texlive/2019/texmf-dist/tex/latex/hyperref/hpdftex.def
File: hpdftex.def 2018/11/30 v6.88e Hyperref driver for pdfTeX
\Fld@listcount=\count130
\c@bookmark@seq@number=\count131

(/usr/local/texlive/2019/texmf-dist/tex/latex/oberdiek/rerunfilecheck.sty
Package: rerunfilecheck 2016/05/16 v1.8 Rerun checks for auxiliary files (HO)
Package uniquecounter Info: New unique counter `rerunfilecheck' on input line 2
82.
)
\Hy@SectionHShift=\skip58
)
(/usr/local/texlive/2019/texmf-dist/tex/latex/fourier/fourier.sty
Package: fourier 2005/01/01 1.4 fourier-GUTenberg package
Now handling font encoding FML ...
... no UTF-8 mapping file for font encoding FML
Now handling font encoding FMS ...
... no UTF-8 mapping file for font encoding FMS
Now handling font encoding FMX ...
... no UTF-8 mapping file for font encoding FMX

(/usr/local/texlive/2019/texmf-dist/tex/latex/base/fontenc.sty
Package: fontenc 2018/08/11 v2.0j Standard LaTeX package

(/usr/local/texlive/2019/texmf-dist/tex/latex/base/t1enc.def
File: t1enc.def 2018/08/11 v2.0j Standard LaTeX file
LaTeX Font Info:    Redeclaring font encoding T1 on input line 48.
))
(/usr/local/texlive/2019/texmf-dist/tex/latex/base/textcomp.sty
Package: textcomp 2018/08/11 v2.0j Standard LaTeX package
Package textcomp Info: Sub-encoding information:
(textcomp)               5 = only ISO-Adobe without \textcurrency
(textcomp)               4 = 5 + \texteuro
(textcomp)               3 = 4 + \textohm
(textcomp)               2 = 3 + \textestimated + \textcurrency
(textcomp)               1 = TS1 - \textcircled - \t
(textcomp)               0 = TS1 (full)
(textcomp)             Font families with sub-encoding setting implement
(textcomp)             only a restricted character set as indicated.
(textcomp)             Family '?' is the default used for unknown fonts.
(textcomp)             See the documentation for details.
Package textcomp Info: Setting ? sub-encoding to TS1/1 on input line 79.

(/usr/local/texlive/2019/texmf-dist/tex/latex/base/ts1enc.def
File: ts1enc.def 2001/06/05 v3.0e (jk/car/fm) Standard LaTeX file
Now handling font encoding TS1 ...
... processing UTF-8 mapping file for font encoding TS1

(/usr/local/texlive/2019/texmf-dist/tex/latex/base/ts1enc.dfu
File: ts1enc.dfu 2018/10/05 v1.2f UTF-8 support for inputenc
   defining Unicode char U+00A2 (decimal 162)
   defining Unicode char U+00A3 (decimal 163)
   defining Unicode char U+00A4 (decimal 164)
   defining Unicode char U+00A5 (decimal 165)
   defining Unicode char U+00A6 (decimal 166)
   defining Unicode char U+00A7 (decimal 167)
   defining Unicode char U+00A8 (decimal 168)
   defining Unicode char U+00A9 (decimal 169)
   defining Unicode char U+00AA (decimal 170)
   defining Unicode char U+00AC (decimal 172)
   defining Unicode char U+00AE (decimal 174)
   defining Unicode char U+00AF (decimal 175)
   defining Unicode char U+00B0 (decimal 176)
   defining Unicode char U+00B1 (decimal 177)
   defining Unicode char U+00B2 (decimal 178)
   defining Unicode char U+00B3 (decimal 179)
   defining Unicode char U+00B4 (decimal 180)
   defining Unicode char U+00B5 (decimal 181)
   defining Unicode char U+00B6 (decimal 182)
   defining Unicode char U+00B7 (decimal 183)
   defining Unicode char U+00B9 (decimal 185)
   defining Unicode char U+00BA (decimal 186)
   defining Unicode char U+00BC (decimal 188)
   defining Unicode char U+00BD (decimal 189)
   defining Unicode char U+00BE (decimal 190)
   defining Unicode char U+00D7 (decimal 215)
   defining Unicode char U+00F7 (decimal 247)
   defining Unicode char U+0192 (decimal 402)
   defining Unicode char U+02C7 (decimal 711)
   defining Unicode char U+02D8 (decimal 728)
   defining Unicode char U+02DD (decimal 733)
   defining Unicode char U+0E3F (decimal 3647)
   defining Unicode char U+2016 (decimal 8214)
   defining Unicode char U+2020 (decimal 8224)
   defining Unicode char U+2021 (decimal 8225)
   defining Unicode char U+2022 (decimal 8226)
   defining Unicode char U+2030 (decimal 8240)
   defining Unicode char U+2031 (decimal 8241)
   defining Unicode char U+203B (decimal 8251)
   defining Unicode char U+203D (decimal 8253)
   defining Unicode char U+2044 (decimal 8260)
   defining Unicode char U+204E (decimal 8270)
   defining Unicode char U+2052 (decimal 8274)
   defining Unicode char U+20A1 (decimal 8353)
   defining Unicode char U+20A4 (decimal 8356)
   defining Unicode char U+20A6 (decimal 8358)
   defining Unicode char U+20A9 (decimal 8361)
   defining Unicode char U+20AB (decimal 8363)
   defining Unicode char U+20AC (decimal 8364)
   defining Unicode char U+20B1 (decimal 8369)
   defining Unicode char U+2103 (decimal 8451)
   defining Unicode char U+2116 (decimal 8470)
   defining Unicode char U+2117 (decimal 8471)
   defining Unicode char U+211E (decimal 8478)
   defining Unicode char U+2120 (decimal 8480)
   defining Unicode char U+2122 (decimal 8482)
   defining Unicode char U+2126 (decimal 8486)
   defining Unicode char U+2127 (decimal 8487)
   defining Unicode char U+212E (decimal 8494)
   defining Unicode char U+2190 (decimal 8592)
   defining Unicode char U+2191 (decimal 8593)
   defining Unicode char U+2192 (decimal 8594)
   defining Unicode char U+2193 (decimal 8595)
   defining Unicode char U+2329 (decimal 9001)
   defining Unicode char U+232A (decimal 9002)
   defining Unicode char U+2422 (decimal 9250)
   defining Unicode char U+25E6 (decimal 9702)
   defining Unicode char U+25EF (decimal 9711)
   defining Unicode char U+266A (decimal 9834)
   defining Unicode char U+FEFF (decimal 65279)
))
LaTeX Info: Redefining \oldstylenums on input line 334.
Package textcomp Info: Setting cmr sub-encoding to TS1/0 on input line 349.
Package textcomp Info: Setting cmss sub-encoding to TS1/0 on input line 350.
Package textcomp Info: Setting cmtt sub-encoding to TS1/0 on input line 351.
Package textcomp Info: Setting cmvtt sub-encoding to TS1/0 on input line 352.
Package textcomp Info: Setting cmbr sub-encoding to TS1/0 on input line 353.
Package textcomp Info: Setting cmtl sub-encoding to TS1/0 on input line 354.
Package textcomp Info: Setting ccr sub-encoding to TS1/0 on input line 355.
Package textcomp Info: Setting ptm sub-encoding to TS1/4 on input line 356.
Package textcomp Info: Setting pcr sub-encoding to TS1/4 on input line 357.
Package textcomp Info: Setting phv sub-encoding to TS1/4 on input line 358.
Package textcomp Info: Setting ppl sub-encoding to TS1/3 on input line 359.
Package textcomp Info: Setting pag sub-encoding to TS1/4 on input line 360.
Package textcomp Info: Setting pbk sub-encoding to TS1/4 on input line 361.
Package textcomp Info: Setting pnc sub-encoding to TS1/4 on input line 362.
Package textcomp Info: Setting pzc sub-encoding to TS1/4 on input line 363.
Package textcomp Info: Setting bch sub-encoding to TS1/4 on input line 364.
Package textcomp Info: Setting put sub-encoding to TS1/5 on input line 365.
Package textcomp Info: Setting uag sub-encoding to TS1/5 on input line 366.
Package textcomp Info: Setting ugq sub-encoding to TS1/5 on input line 367.
Package textcomp Info: Setting ul8 sub-encoding to TS1/4 on input line 368.
Package textcomp Info: Setting ul9 sub-encoding to TS1/4 on input line 369.
Package textcomp Info: Setting augie sub-encoding to TS1/5 on input line 370.
Package textcomp Info: Setting dayrom sub-encoding to TS1/3 on input line 371.
Package textcomp Info: Setting dayroms sub-encoding to TS1/3 on input line 372.

Package textcomp Info: Setting pxr sub-encoding to TS1/0 on input line 373.
Package textcomp Info: Setting pxss sub-encoding to TS1/0 on input line 374.
Package textcomp Info: Setting pxtt sub-encoding to TS1/0 on input line 375.
Package textcomp Info: Setting txr sub-encoding to TS1/0 on input line 376.
Package textcomp Info: Setting txss sub-encoding to TS1/0 on input line 377.
Package textcomp Info: Setting txtt sub-encoding to TS1/0 on input line 378.
Package textcomp Info: Setting lmr sub-encoding to TS1/0 on input line 379.
Package textcomp Info: Setting lmdh sub-encoding to TS1/0 on input line 380.
Package textcomp Info: Setting lmss sub-encoding to TS1/0 on input line 381.
Package textcomp Info: Setting lmssq sub-encoding to TS1/0 on input line 382.
Package textcomp Info: Setting lmvtt sub-encoding to TS1/0 on input line 383.
Package textcomp Info: Setting lmtt sub-encoding to TS1/0 on input line 384.
Package textcomp Info: Setting qhv sub-encoding to TS1/0 on input line 385.
Package textcomp Info: Setting qag sub-encoding to TS1/0 on input line 386.
Package textcomp Info: Setting qbk sub-encoding to TS1/0 on input line 387.
Package textcomp Info: Setting qcr sub-encoding to TS1/0 on input line 388.
Package textcomp Info: Setting qcs sub-encoding to TS1/0 on input line 389.
Package textcomp Info: Setting qpl sub-encoding to TS1/0 on input line 390.
Package textcomp Info: Setting qtm sub-encoding to TS1/0 on input line 391.
Package textcomp Info: Setting qzc sub-encoding to TS1/0 on input line 392.
Package textcomp Info: Setting qhvc sub-encoding to TS1/0 on input line 393.
Package textcomp Info: Setting futs sub-encoding to TS1/4 on input line 394.
Package textcomp Info: Setting futx sub-encoding to TS1/4 on input line 395.
Package textcomp Info: Setting futj sub-encoding to TS1/4 on input line 396.
Package textcomp Info: Setting hlh sub-encoding to TS1/3 on input line 397.
Package textcomp Info: Setting hls sub-encoding to TS1/3 on input line 398.
Package textcomp Info: Setting hlst sub-encoding to TS1/3 on input line 399.
Package textcomp Info: Setting hlct sub-encoding to TS1/5 on input line 400.
Package textcomp Info: Setting hlx sub-encoding to TS1/5 on input line 401.
Package textcomp Info: Setting hlce sub-encoding to TS1/5 on input line 402.
Package textcomp Info: Setting hlcn sub-encoding to TS1/5 on input line 403.
Package textcomp Info: Setting hlcw sub-encoding to TS1/5 on input line 404.
Package textcomp Info: Setting hlcf sub-encoding to TS1/5 on input line 405.
Package textcomp Info: Setting pplx sub-encoding to TS1/3 on input line 406.
Package textcomp Info: Setting pplj sub-encoding to TS1/3 on input line 407.
Package textcomp Info: Setting ptmx sub-encoding to TS1/4 on input line 408.
Package textcomp Info: Setting ptmj sub-encoding to TS1/4 on input line 409.
)
(/usr/local/texlive/2019/texmf-dist/tex/latex/fourier/fourier-orns.sty
Package: fourier-orns 2004/01/30 1.1 fourier-ornaments package
)
LaTeX Font Info:    Redeclaring symbol font `operators' on input line 50.
LaTeX Font Info:    Encoding `OT1' has changed to `T1' for symbol font
(Font)              `operators' in the math version `normal' on input line 50.
LaTeX Font Info:    Overwriting symbol font `operators' in version `normal'
(Font)                  OT1/cmr/m/n --> T1/futs/m/n on input line 50.
LaTeX Font Info:    Encoding `OT1' has changed to `T1' for symbol font
(Font)              `operators' in the math version `bold' on input line 50.
LaTeX Font Info:    Overwriting symbol font `operators' in version `bold'
(Font)                  OT1/cmr/bx/n --> T1/futs/m/n on input line 50.
LaTeX Font Info:    Overwriting symbol font `operators' in version `bold'
(Font)                  T1/futs/m/n --> T1/futs/b/n on input line 51.
LaTeX Font Info:    Redeclaring symbol font `letters' on input line 59.
LaTeX Font Info:    Encoding `OML' has changed to `FML' for symbol font
(Font)              `letters' in the math version `normal' on input line 59.
LaTeX Font Info:    Overwriting symbol font `letters' in version `normal'
(Font)                  OML/cmm/m/it --> FML/futmi/m/it on input line 59.
LaTeX Font Info:    Encoding `OML' has changed to `FML' for symbol font
(Font)              `letters' in the math version `bold' on input line 59.
LaTeX Font Info:    Overwriting symbol font `letters' in version `bold'
(Font)                  OML/cmm/b/it --> FML/futmi/m/it on input line 59.
\symotherletters=\mathgroup7
LaTeX Font Info:    Overwriting symbol font `letters' in version `bold'
(Font)                  FML/futmi/m/it --> FML/futmi/b/it on input line 61.
LaTeX Font Info:    Overwriting symbol font `otherletters' in version `bold'
(Font)                  FML/futm/m/it --> FML/futm/b/it on input line 62.
LaTeX Font Info:    Redeclaring math symbol \Gamma on input line 63.
LaTeX Font Info:    Redeclaring math symbol \Delta on input line 64.
LaTeX Font Info:    Redeclaring math symbol \Theta on input line 65.
LaTeX Font Info:    Redeclaring math symbol \Lambda on input line 66.
LaTeX Font Info:    Redeclaring math symbol \Xi on input line 67.
LaTeX Font Info:    Redeclaring math symbol \Pi on input line 68.
LaTeX Font Info:    Redeclaring math symbol \Sigma on input line 69.
LaTeX Font Info:    Redeclaring math symbol \Upsilon on input line 70.
LaTeX Font Info:    Redeclaring math symbol \Phi on input line 71.
LaTeX Font Info:    Redeclaring math symbol \Psi on input line 72.
LaTeX Font Info:    Redeclaring math symbol \Omega on input line 73.
LaTeX Font Info:    Redeclaring symbol font `symbols' on input line 113.
LaTeX Font Info:    Encoding `OMS' has changed to `FMS' for symbol font
(Font)              `symbols' in the math version `normal' on input line 113.
LaTeX Font Info:    Overwriting symbol font `symbols' in version `normal'
(Font)                  OMS/cmsy/m/n --> FMS/futm/m/n on input line 113.
LaTeX Font Info:    Encoding `OMS' has changed to `FMS' for symbol font
(Font)              `symbols' in the math version `bold' on input line 113.
LaTeX Font Info:    Overwriting symbol font `symbols' in version `bold'
(Font)                  OMS/cmsy/b/n --> FMS/futm/m/n on input line 113.
LaTeX Font Info:    Redeclaring symbol font `largesymbols' on input line 114.
LaTeX Font Info:    Encoding `OMX' has changed to `FMX' for symbol font
(Font)              `largesymbols' in the math version `normal' on input line 1
14.
LaTeX Font Info:    Overwriting symbol font `largesymbols' in version `normal'
(Font)                  OMX/cmex/m/n --> FMX/futm/m/n on input line 114.
LaTeX Font Info:    Encoding `OMX' has changed to `FMX' for symbol font
(Font)              `largesymbols' in the math version `bold' on input line 114
.
LaTeX Font Info:    Overwriting symbol font `largesymbols' in version `bold'
(Font)                  OMX/cmex/m/n --> FMX/futm/m/n on input line 114.
LaTeX Font Info:    Redeclaring math alphabet \mathbf on input line 115.
LaTeX Font Info:    Overwriting math alphabet `\mathbf' in version `normal'
(Font)                  OT1/cmr/bx/n --> T1/futs/bx/n on input line 115.
LaTeX Font Info:    Overwriting math alphabet `\mathbf' in version `bold'
(Font)                  OT1/cmr/bx/n --> T1/futs/bx/n on input line 115.
LaTeX Font Info:    Redeclaring math alphabet \mathrm on input line 116.
LaTeX Font Info:    Redeclaring math alphabet \mathit on input line 117.
LaTeX Font Info:    Overwriting math alphabet `\mathit' in version `normal'
(Font)                  OT1/cmr/m/it --> T1/futs/m/it on input line 117.
LaTeX Font Info:    Overwriting math alphabet `\mathit' in version `bold'
(Font)                  OT1/cmr/bx/it --> T1/futs/m/it on input line 117.
LaTeX Font Info:    Redeclaring math alphabet \mathcal on input line 118.
LaTeX Font Info:    Redeclaring math symbol \varkappa on input line 119.
LaTeX Font Info:    Redeclaring math symbol \leqslant on input line 125.
LaTeX Font Info:    Redeclaring math symbol \geqslant on input line 126.
LaTeX Font Info:    Redeclaring math symbol \vDash on input line 129.
LaTeX Font Info:    Redeclaring math symbol \blacktriangleleft on input line 13
0.
LaTeX Font Info:    Redeclaring math symbol \blacktriangleright on input line 1
31.
LaTeX Font Info:    Redeclaring math symbol \nleqslant on input line 132.
LaTeX Font Info:    Redeclaring math symbol \ngeqslant on input line 133.
LaTeX Font Info:    Redeclaring math symbol \parallel on input line 134.
LaTeX Font Info:    Redeclaring math symbol \nparallel on input line 135.
LaTeX Font Info:    Redeclaring math symbol \nvDash on input line 137.
LaTeX Font Info:    Redeclaring math symbol \intercal on input line 138.
LaTeX Font Info:    Redeclaring math symbol \hslash on input line 139.
LaTeX Font Info:    Redeclaring math symbol \nexists on input line 140.
LaTeX Font Info:    Redeclaring math symbol \complement on input line 141.
LaTeX Font Info:    Redeclaring math symbol \varsubsetneq on input line 142.
LaTeX Font Info:    Redeclaring math symbol \hbar on input line 148.
LaTeX Font Info:    Redeclaring math symbol \smallsetminus on input line 149.
LaTeX Font Info:    Redeclaring math symbol \subsetneqq on input line 150.
LaTeX Font Info:    Redeclaring math symbol \rightrightarrows on input line 151
.
LaTeX Font Info:    Redeclaring math symbol \leftleftarrows on input line 152.
LaTeX Font Info:    Redeclaring math symbol \square on input line 153.
LaTeX Font Info:    Redeclaring math symbol \curvearrowleft on input line 154.
LaTeX Font Info:    Redeclaring math symbol \curvearrowright on input line 155.

LaTeX Font Info:    Redeclaring math symbol \blacksquare on input line 156.
LaTeX Font Info:    Redeclaring math symbol \varkappa on input line 186.
LaTeX Font Info:    Redeclaring math symbol \varvarrho on input line 187.
LaTeX Font Info:    Redeclaring math delimiter \Vert on input line 210.
LaTeX Font Info:    Redeclaring math delimiter \vert on input line 215.
LaTeX Font Info:    Redeclaring math delimiter \lvert on input line 217.
LaTeX Font Info:    Redeclaring math delimiter \rvert on input line 219.
LaTeX Font Info:    Redeclaring math delimiter \lVert on input line 221.
LaTeX Font Info:    Redeclaring math delimiter \rVert on input line 223.
LaTeX Font Info:    Redeclaring math delimiter \Downarrow on input line 225.
LaTeX Font Info:    Redeclaring math delimiter \backslash on input line 227.
LaTeX Font Info:    Redeclaring math delimiter \rangle on input line 229.
LaTeX Font Info:    Redeclaring math delimiter \langle on input line 231.
LaTeX Font Info:    Redeclaring math delimiter \rbrace on input line 233.
LaTeX Font Info:    Redeclaring math delimiter \lbrace on input line 235.
LaTeX Font Info:    Redeclaring math delimiter \rceil on input line 237.
LaTeX Font Info:    Redeclaring math delimiter \lceil on input line 239.
LaTeX Font Info:    Redeclaring math delimiter \rfloor on input line 241.
LaTeX Font Info:    Redeclaring math delimiter \lfloor on input line 243.
LaTeX Font Info:    Redeclaring math accent \acute on input line 247.
LaTeX Font Info:    Redeclaring math accent \grave on input line 248.
LaTeX Font Info:    Redeclaring math accent \ddot on input line 249.
LaTeX Font Info:    Redeclaring math accent \tilde on input line 250.
LaTeX Font Info:    Redeclaring math accent \bar on input line 251.
LaTeX Font Info:    Redeclaring math accent \breve on input line 252.
LaTeX Font Info:    Redeclaring math accent \check on input line 253.
LaTeX Font Info:    Redeclaring math accent \hat on input line 254.
LaTeX Font Info:    Redeclaring math accent \dot on input line 255.
LaTeX Font Info:    Redeclaring math accent \mathring on input line 256.
\symUfutm=\mathgroup8
)
(/usr/local/texlive/2019/texmf-dist/tex/latex/fira/FiraSans.sty
Package: FiraSans 2019/04/04 (Bob Tennent and autoinst) Style file for Fira San
s fonts.

(/usr/local/texlive/2019/texmf-dist/tex/latex/xkeyval/xkeyval.sty
Package: xkeyval 2014/12/03 v2.7a package option processing (HA)

(/usr/local/texlive/2019/texmf-dist/tex/generic/xkeyval/xkeyval.tex
(/usr/local/texlive/2019/texmf-dist/tex/generic/xkeyval/xkvutils.tex
\XKV@toks=\toks33
\XKV@tempa@toks=\toks34
)
\XKV@depth=\count132
File: xkeyval.tex 2014/12/03 v2.7a key=value parser (HA)
))
(/usr/local/texlive/2019/texmf-dist/tex/latex/mweights/mweights.sty
Package: mweights 2017/03/30 (Bob Tennent) Support package for multiple-weight 
font packages. 
LaTeX Info: Redefining \bfseries on input line 22.
LaTeX Info: Redefining \mdseries on input line 30.
LaTeX Info: Redefining \rmfamily on input line 38.
LaTeX Info: Redefining \sffamily on input line 66.
LaTeX Info: Redefining \ttfamily on input line 94.
)
(/usr/local/texlive/2019/texmf-dist/tex/latex/fontaxes/fontaxes.sty
Package: fontaxes 2014/03/23 v1.0d Font selection axes
LaTeX Info: Redefining \upshape on input line 29.
LaTeX Info: Redefining \itshape on input line 31.
LaTeX Info: Redefining \slshape on input line 33.
LaTeX Info: Redefining \scshape on input line 37.
))
(/usr/local/texlive/2019/texmf-dist/tex/latex/soul/soul.sty
Package: soul 2003/11/17 v2.4 letterspacing/underlining (mf)
\SOUL@word=\toks35
\SOUL@lasttoken=\toks36
\SOUL@cmds=\toks37
\SOUL@buffer=\toks38
\SOUL@token=\toks39
\SOUL@spaceskip=\skip59
\SOUL@ttwidth=\dimen157
\SOUL@uldp=\dimen158
\SOUL@ulht=\dimen159
) (./main.aux)
\openout1 = `main.aux'.

LaTeX Font Info:    Checking defaults for OML/cmm/m/it on input line 63.
LaTeX Font Info:    ... okay on input line 63.
LaTeX Font Info:    Checking defaults for T1/cmr/m/n on input line 63.
LaTeX Font Info:    ... okay on input line 63.
LaTeX Font Info:    Checking defaults for OT1/cmr/m/n on input line 63.
LaTeX Font Info:    ... okay on input line 63.
LaTeX Font Info:    Checking defaults for OMS/cmsy/m/n on input line 63.
LaTeX Font Info:    ... okay on input line 63.
LaTeX Font Info:    Checking defaults for OMX/cmex/m/n on input line 63.
LaTeX Font Info:    ... okay on input line 63.
LaTeX Font Info:    Checking defaults for U/cmr/m/n on input line 63.
LaTeX Font Info:    ... okay on input line 63.
LaTeX Font Info:    Checking defaults for PD1/pdf/m/n on input line 63.
LaTeX Font Info:    ... okay on input line 63.
LaTeX Font Info:    Checking defaults for FML/futm/m/it on input line 63.
LaTeX Font Info:    Try loading font information for FML+futm on input line 63.


(/usr/local/texlive/2019/texmf-dist/tex/latex/fourier/fmlfutm.fd
File: fmlfutm.fd 2004/10/30 Fontinst v1.926 font definitions for FML/futm.
)
LaTeX Font Info:    ... okay on input line 63.
LaTeX Font Info:    Checking defaults for FMS/futm/m/n on input line 63.
LaTeX Font Info:    Try loading font information for FMS+futm on input line 63.


(/usr/local/texlive/2019/texmf-dist/tex/latex/fourier/fmsfutm.fd
File: fmsfutm.fd 2004/10/30 Fontinst v1.926 font definitions for FMS/futm.
)
LaTeX Font Info:    ... okay on input line 63.
LaTeX Font Info:    Checking defaults for FMX/futm/m/n on input line 63.
LaTeX Font Info:    Try loading font information for FMX+futm on input line 63.


(/usr/local/texlive/2019/texmf-dist/tex/latex/fourier/fmxfutm.fd
File: fmxfutm.fd futm-extension
)
LaTeX Font Info:    ... okay on input line 63.
LaTeX Font Info:    Checking defaults for TS1/cmr/m/n on input line 63.
LaTeX Font Info:    Try loading font information for TS1+cmr on input line 63.

(/usr/local/texlive/2019/texmf-dist/tex/latex/base/ts1cmr.fd
File: ts1cmr.fd 2014/09/29 v2.5h Standard LaTeX font definitions
)
LaTeX Font Info:    ... okay on input line 63.
LaTeX Font Info:    Try loading font information for T1+futs on input line 63.

(/usr/local/texlive/2019/texmf-dist/tex/latex/fourier/t1futs.fd
File: t1futs.fd 2004/03/02 Fontinst v1.926 font definitions for T1/futs.
)
(/usr/local/texlive/2019/texmf-dist/tex/context/base/mkii/supp-pdf.mkii
[Loading MPS to PDF converter (version 2006.09.02).]
\scratchcounter=\count133
\scratchdimen=\dimen160
\scratchbox=\box33
\nofMPsegments=\count134
\nofMParguments=\count135
\everyMPshowfont=\toks40
\MPscratchCnt=\count136
\MPscratchDim=\dimen161
\MPnumerator=\count137
\makeMPintoPDFobject=\count138
\everyMPtoPDFconversion=\toks41
) (/usr/local/texlive/2019/texmf-dist/tex/latex/oberdiek/epstopdf-base.sty
Package: epstopdf-base 2016/05/15 v2.6 Base part for package epstopdf

(/usr/local/texlive/2019/texmf-dist/tex/latex/oberdiek/grfext.sty
Package: grfext 2016/05/16 v1.2 Manage graphics extensions (HO)
)
Package epstopdf-base Info: Redefining graphics rule for `.eps' on input line 4
38.
Package grfext Info: Graphics extension search list:
(grfext)             [.pdf,.png,.jpg,.mps,.jpeg,.jbig2,.jb2,.PDF,.PNG,.JPG,.JPE
G,.JBIG2,.JB2,.eps]
(grfext)             \AppendGraphicsExtensions on input line 456.

(/usr/local/texlive/2019/texmf-dist/tex/latex/latexconfig/epstopdf-sys.cfg
File: epstopdf-sys.cfg 2010/07/13 v1.3 Configuration of (r)epstopdf for TeX Liv
e
))
Package caption Info: Begin \AtBeginDocument code.
Package caption Info: hyperref package is loaded.
Package caption Info: End \AtBeginDocument code.
LaTeX Info: Redefining \microtypecontext on input line 63.
Package microtype Info: Generating PDF output.
Package microtype Info: Character protrusion enabled (level 2).
Package microtype Info: Using default protrusion set `alltext'.
Package microtype Info: Automatic font expansion enabled (level 2),
(microtype)             stretch: 20, shrink: 20, step: 1, non-selected.
Package microtype Info: Using default expansion set `basictext'.
Package microtype Info: No adjustment of tracking.
Package microtype Info: No adjustment of interword spacing.
Package microtype Info: No adjustment of character kerning.
Package microtype Info: Loading generic protrusion settings for font family
(microtype)             `futs' (encoding: T1).
(microtype)             For optimal results, create family-specific settings.
(microtype)             See the microtype manual for details.
\AtBeginShipoutBox=\box34
Package hyperref Info: Link coloring ON on input line 63.

(/usr/local/texlive/2019/texmf-dist/tex/latex/hyperref/nameref.sty
Package: nameref 2016/05/21 v2.44 Cross-referencing by name of section

(/usr/local/texlive/2019/texmf-dist/tex/generic/oberdiek/gettitlestring.sty
Package: gettitlestring 2016/05/16 v1.5 Cleanup title references (HO)
)
\c@section@level=\count139
)
LaTeX Info: Redefining \ref on input line 63.
LaTeX Info: Redefining \pageref on input line 63.
LaTeX Info: Redefining \nameref on input line 63.

(./main.out) (./main.out)
\@outlinefile=\write3
\openout3 = `main.out'.

\c@mv@tabular=\count140
\c@mv@boldtabular=\count141
LaTeX Font Info:    Try loading font information for FML+futmi on input line 66
.

(/usr/local/texlive/2019/texmf-dist/tex/latex/fourier/fmlfutmi.fd
File: fmlfutmi.fd 2004/10/30 Fontinst v1.926 font definitions for FML/futmi.
)
LaTeX Font Info:    Font shape `FMX/futm/m/n' will be
(Font)              scaled to size 11.03998pt on input line 66.
LaTeX Font Info:    Font shape `FMX/futm/m/n' will be
(Font)              scaled to size 8.27998pt on input line 66.
LaTeX Font Info:    Font shape `FMX/futm/m/n' will be
(Font)              scaled to size 6.43999pt on input line 66.
LaTeX Font Info:    Try loading font information for U+msa on input line 66.

(/usr/local/texlive/2019/texmf-dist/tex/latex/amsfonts/umsa.fd
File: umsa.fd 2013/01/14 v3.01 AMS symbols A
)
(/usr/local/texlive/2019/texmf-dist/tex/latex/microtype/mt-msa.cfg
File: mt-msa.cfg 2006/02/04 v1.1 microtype config. file: AMS symbols (a) (RS)
)
LaTeX Font Info:    Try loading font information for U+msb on input line 66.

(/usr/local/texlive/2019/texmf-dist/tex/latex/amsfonts/umsb.fd
File: umsb.fd 2013/01/14 v3.01 AMS symbols B
)
(/usr/local/texlive/2019/texmf-dist/tex/latex/microtype/mt-msb.cfg
File: mt-msb.cfg 2005/06/01 v1.0 microtype config. file: AMS symbols (b) (RS)
)
LaTeX Font Info:    Try loading font information for U+rsfs on input line 66.

(/usr/local/texlive/2019/texmf-dist/tex/latex/jknapltx/ursfs.fd
File: ursfs.fd 1998/03/24 rsfs font definition file (jk)
)
LaTeX Font Info:    Font shape `U/futm/m/n' will be
(Font)              scaled to size 11.03998pt on input line 66.
LaTeX Font Info:    Font shape `U/futm/m/n' will be
(Font)              scaled to size 8.27998pt on input line 66.
LaTeX Font Info:    Font shape `U/futm/m/n' will be
(Font)              scaled to size 6.43999pt on input line 66.
LaTeX Font Info:    Font shape `FMX/futm/m/n' will be
(Font)              scaled to size 10.07397pt on input line 68.
LaTeX Font Info:    Font shape `FMX/futm/m/n' will be
(Font)              scaled to size 7.63599pt on input line 68.
LaTeX Font Info:    Font shape `FMX/futm/m/n' will be
(Font)              scaled to size 5.51999pt on input line 68.
LaTeX Font Info:    Font shape `U/futm/m/n' will be
(Font)              scaled to size 10.07397pt on input line 68.
LaTeX Font Info:    Font shape `U/futm/m/n' will be
(Font)              scaled to size 7.63599pt on input line 68.
LaTeX Font Info:    Font shape `U/futm/m/n' will be
(Font)              scaled to size 5.51999pt on input line 68.
 [1

{/usr/local/texlive/2019/texmf-var/fonts/map/pdftex/updmap/pdftex.map}]
LaTeX Font Info:    Font shape `T1/futs/bx/n' in size <10> not available
(Font)              Font shape `T1/futs/b/n' tried instead on input line 99.
LaTeX Font Info:    Try loading font information for T1+FiraSans-OsF on input l
ine 99.

(/usr/local/texlive/2019/texmf-dist/tex/latex/fira/T1FiraSans-OsF.fd
File: T1FiraSans-OsF.fd 2019/04/04 (autoinst) Font definitions for T1/FiraSans-
OsF.
)
LaTeX Font Info:    Font shape `T1/FiraSans-OsF/regular/n' will be
(Font)              scaled to size 6.0pt on input line 99.
Package microtype Info: Loading generic protrusion settings for font family
(microtype)             `FiraSans-OsF' (encoding: T1).
(microtype)             For optimal results, create family-specific settings.
(microtype)             See the microtype manual for details.
LaTeX Font Info:    Font shape `FMX/futm/m/n' will be
(Font)              scaled to size 9.19998pt on input line 100.
LaTeX Font Info:    Font shape `FMX/futm/m/n' will be
(Font)              scaled to size 6.99199pt on input line 100.
LaTeX Font Info:    Font shape `U/futm/m/n' will be
(Font)              scaled to size 9.19998pt on input line 100.
LaTeX Font Info:    Font shape `U/futm/m/n' will be
(Font)              scaled to size 6.99199pt on input line 100.
 [2]
LaTeX Font Info:    Font shape `T1/futs/bx/n' in size <14.4> not available
(Font)              Font shape `T1/futs/b/n' tried instead on input line 109.
LaTeX Font Info:    Font shape `T1/futs/bx/n' in size <10.95> not available
(Font)              Font shape `T1/futs/b/n' tried instead on input line 114.


Package natbib Warning: Citation `bellard_2012' on page 3 undefined on input li
ne 114.


Package natbib Warning: Citation `diniz_2019' on page 3 undefined on input line
 114.


Package natbib Warning: Citation `ramsayer_2013' on page 3 undefined on input l
ine 114.


Package natbib Warning: Citation `kreiner_2018' on page 3 undefined on input li
ne 114.


Package natbib Warning: Citation `gomulkiewicz_1995' on page 3 undefined on inp
ut line 115.


Package natbib Warning: Citation `alexander_2014' on page 3 undefined on input 
line 116.


Package natbib Warning: Citation `carlson_2014' on page 3 undefined on input li
ne 116.


Package natbib Warning: Citation `bell_2017' on page 3 undefined on input line 
116.


Package natbib Warning: Citation `bell_2009' on page 3 undefined on input line 
116.


Package natbib Warning: Citation `agashe_2011' on page 3 undefined on input lin
e 116.


Package natbib Warning: Citation `lachapelle_2012' on page 3 undefined on input
 line 116.


Package natbib Warning: Citation `lindsey_2013' on page 3 undefined on input li
ne 116.


Package natbib Warning: Citation `stelkens_2014' on page 3 undefined on input l
ine 116.


Package natbib Warning: Citation `vanderwal_2012' on page 3 undefined on input 
line 116.


Package natbib Warning: Citation `digiallonardo_2015' on page 3 undefined on in
put line 116.


Package natbib Warning: Citation `gignoux_2018' on page 3 undefined on input li
ne 116.


Package natbib Warning: Citation `uecker_2015' on page 3 undefined on input lin
e 121.


Package natbib Warning: Citation `tazzyman_2014' on page 3 undefined on input l
ine 121.


Package natbib Warning: Citation `glemin_2013' on page 3 undefined on input lin
e 121.


Package natbib Warning: Citation `uecker_2017' on page 3 undefined on input lin
e 121.


Package natbib Warning: Citation `osmond_2013' on page 3 undefined on input lin
e 121.


Package natbib Warning: Citation `yamamichi_2015' on page 3 undefined on input 
line 121.


Package natbib Warning: Citation `martin_2013' on page 3 undefined on input lin
e 121.


Package natbib Warning: Citation `osmond_2019' on page 3 undefined on input lin
e 121.


Package natbib Warning: Citation `anciaux_2018' on page 3 undefined on input li
ne 121.


Package natbib Warning: Citation `osmond_2017' on page 3 undefined on input lin
e 121.


Package natbib Warning: Citation `uecker_2014' on page 3 undefined on input lin
e 122.


Package natbib Warning: Citation `tomasini_2019' on page 3 undefined on input l
ine 122.


Package natbib Warning: Citation `bell_2011' on page 3 undefined on input line 
122.

[3]

Package natbib Warning: Citation `holt_1997' on page 4 undefined on input line 
129.


Package natbib Warning: Citation `gomulkiewicz_1999' on page 4 undefined on inp
ut line 129.


Package natbib Warning: Citation `storfer_1998' on page 4 undefined on input li
ne 129.


Package natbib Warning: Citation `garcia_1997' on page 4 undefined on input lin
e 129.


Package natbib Warning: Citation `kirkpatrick_1997' on page 4 undefined on inpu
t line 129.


Package natbib Warning: Citation `fedorka_2012' on page 4 undefined on input li
ne 129.


Package natbib Warning: Citation `kawecki_2000' on page 4 undefined on input li
ne 129.


Package natbib Warning: Citation `ronce_2001' on page 4 undefined on input line
 129.


Package natbib Warning: Citation `gallet_2018' on page 4 undefined on input lin
e 129.


Package natbib Warning: Citation `kawecki_1995' on page 4 undefined on input li
ne 133.


Package natbib Warning: Citation `holt_1996' on page 4 undefined on input line 
133.


Package natbib Warning: Citation `kawecki_2002' on page 4 undefined on input li
ne 133.


Package natbib Warning: Citation `amarasekare_2004' on page 4 undefined on inpu
t line 133.


Package natbib Warning: Citation `edelaar_2008' on page 4 undefined on input li
ne 133.


Package natbib Warning: Citation `clobert_2009' on page 4 undefined on input li
ne 133.


Package natbib Warning: Citation `edelaar_2012' on page 4 undefined on input li
ne 133.


Package natbib Warning: Citation `endriss_2019' on page 4 undefined on input li
ne 138.


Package natbib Warning: Citation `meester2010' on page 4 undefined on input lin
e 138.


Package natbib Warning: Citation `gautier_2006' on page 4 undefined on input li
ne 138.


Package natbib Warning: Citation `wilson_2017' on page 4 undefined on input lin
e 138.


Package natbib Warning: Citation `turgeon_2012' on page 4 undefined on input li
ne 138.


Package natbib Warning: Citation `stoen_2006' on page 4 undefined on input line
 138.


Package natbib Warning: Citation `bestion_2015' on page 4 undefined on input li
ne 140.


Package natbib Warning: Citation `dreiss_2011' on page 4 undefined on input lin
e 140.


Package natbib Warning: Citation `benkman_2017' on page 4 undefined on input li
ne 140.


Package natbib Warning: Citation `bolnick_2009' on page 4 undefined on input li
ne 140.


Package natbib Warning: Citation `mathieu_2010' on page 4 undefined on input li
ne 140.


Package natbib Warning: Citation `jacob_2017' on page 4 undefined on input line
 140.


Package natbib Warning: Citation `jacob_2018' on page 4 undefined on input line
 140.


Package natbib Warning: Citation `bowler_2005' on page 4 undefined on input lin
e 142.


Package natbib Warning: Citation `ronce_2007' on page 4 undefined on input line
 142.


Underfull \hbox (badness 10000) in paragraph at lines 142--143

 []

[4]

Package natbib Warning: Citation `uecker_2014' on page 5 undefined on input lin
e 160.


Package natbib Warning: Citation `tomasini_2019' on page 5 undefined on input l
ine 160.

[5]
LaTeX Font Info:    Try loading font information for T1+cmtt on input line 176.

 (/usr/local/texlive/2019/texmf-dist/tex/latex/base/t1cmtt.fd
File: t1cmtt.fd 2014/09/29 v2.5h Standard LaTeX font definitions
)
Package microtype Info: Loading generic protrusion settings for font family
(microtype)             `cmtt' (encoding: T1).
(microtype)             For optimal results, create family-specific settings.
(microtype)             See the microtype manual for details.
 [6] [7]
LaTeX Font Info:    Try loading font information for TS1+futs on input line 212
.

(/usr/local/texlive/2019/texmf-dist/tex/latex/fourier/ts1futs.fd
File: ts1futs.fd 2004/03/26 Fontinst v1.926 font definitions for TS1/futs.
)
Package microtype Info: Loading generic protrusion settings for font family
(microtype)             `futs' (encoding: TS1).
(microtype)             For optimal results, create family-specific settings.
(microtype)             See the microtype manual for details.


Package natbib Warning: Citation `bestion_2015' on page 8 undefined on input li
ne 212.


Package natbib Warning: Citation `bolnick_2009' on page 8 undefined on input li
ne 212.


Package natbib Warning: Citation `dreiss_2011' on page 8 undefined on input lin
e 212.

[8]

Package natbib Warning: Citation `gautier_2006' on page 9 undefined on input li
ne 214.


Package natbib Warning: Citation `greene_2016' on page 9 undefined on input lin
e 214.


Package natbib Warning: Citation `folt_2018' on page 9 undefined on input line 
214.


Package natbib Warning: Citation `jacob_2018' on page 9 undefined on input line
 217.


Package natbib Warning: Citation `turgeon_2012' on page 9 undefined on input li
ne 221.


Package natbib Warning: Citation `wilson_2017' on page 9 undefined on input lin
e 221.

[9]

Package natbib Warning: Citation `battin_2004' on page 10 undefined on input li
ne 223.

<fig1.pdf, id=82, 357.71039pt x 351.57248pt>
File: fig1.pdf Graphic file (type pdf)
<use fig1.pdf>
Package pdftex.def Info: fig1.pdf  used on input line 231.
(pdftex.def)             Requested size: 226.48395pt x 222.59692pt.
LaTeX Font Info:    Font shape `FMX/futm/m/n' will be
(Font)              scaled to size 13.24796pt on input line 232.
LaTeX Font Info:    Font shape `FMX/futm/m/n' will be
(Font)              scaled to size 7.35999pt on input line 232.
LaTeX Font Info:    Font shape `U/futm/m/n' will be
(Font)              scaled to size 13.24796pt on input line 232.
LaTeX Font Info:    Font shape `U/futm/m/n' will be
(Font)              scaled to size 7.35999pt on input line 232.
[10] [11 <./fig1.pdf>] [12] [13]

Package natbib Warning: Citation `haccou_book' on page 14 undefined on input li
ne 301.

LaTeX Font Info:    Font shape `T1/futs/bx/n' in size <8.3> not available
(Font)              Font shape `T1/futs/b/n' tried instead on input line 304.
LaTeX Font Info:    Font shape `T1/futs/bx/n' in size <6> not available
(Font)              Font shape `T1/futs/b/n' tried instead on input line 304.

Package natbib Warning: Citation `haccou_book' on page 14 undefined on input li
ne 310.


Package natbib Warning: Citation `tomasini_2018' on page 14 undefined on input 
line 310.

[14]

Package natbib Warning: Citation `haldane_1927' on page 15 undefined on input l
ine 333.


Package natbib Warning: Citation `tomasini_2018' on page 15 undefined on input 
line 333.

[15]
<fig2a.pdf, id=171, 193.50192pt x 147.73393pt>
File: fig2a.pdf Graphic file (type pdf)
<use fig2a.pdf>
Package pdftex.def Info: fig2a.pdf  used on input line 342.
(pdftex.def)             Requested size: 226.48395pt x 172.91562pt.
LaTeX Font Info:    Font shape `T1/futs/bx/n' in size <7.6> not available
(Font)              Font shape `T1/futs/b/n' tried instead on input line 343.
<fig2b.pdf, id=172, 193.50192pt x 147.73393pt>
File: fig2b.pdf Graphic file (type pdf)
<use fig2b.pdf>
Package pdftex.def Info: fig2b.pdf  used on input line 347.
(pdftex.def)             Requested size: 226.48395pt x 172.91562pt.
<fig2c.pdf, id=173, 193.50192pt x 147.73393pt>
File: fig2c.pdf Graphic file (type pdf)
<use fig2c.pdf>
Package pdftex.def Info: fig2c.pdf  used on input line 352.
(pdftex.def)             Requested size: 226.48395pt x 172.91562pt.
<fig2d.pdf, id=174, 193.50192pt x 147.73393pt>
File: fig2d.pdf Graphic file (type pdf)
<use fig2d.pdf>
Package pdftex.def Info: fig2d.pdf  used on input line 357.
(pdftex.def)             Requested size: 226.48395pt x 172.91562pt.


Package natbib Warning: Citation `kawecki_1995' on page 16 undefined on input l
ine 366.


Package natbib Warning: Citation `tomasini_2018' on page 16 undefined on input 
line 366.


Package natbib Warning: Citation `uecker_2014' on page 16 undefined on input li
ne 366.


Package natbib Warning: Citation `uecker_2014' on page 16 undefined on input li
ne 370.

[16] [17 <./fig2a.pdf> <./fig2b.pdf

pdfTeX warning: /Library/TeX/texbin/pdflatex (file ./fig2b.pdf): PDF inclusion:
 multiple pdfs with page group included in a single page
> <./fig2c.pdf

pdfTeX warning: /Library/TeX/texbin/pdflatex (file ./fig2c.pdf): PDF inclusion:
 multiple pdfs with page group included in a single page
> <./fig2d.pdf

pdfTeX warning: /Library/TeX/texbin/pdflatex (file ./fig2d.pdf): PDF inclusion:
 multiple pdfs with page group included in a single page
>]

Package natbib Warning: Citation `nagylaki_1978' on page 18 undefined on input 
line 382.


Package natbib Warning: Citation `lenormand_2002' on page 18 undefined on input
 line 382.


Package natbib Warning: Citation `tomasini_2018' on page 18 undefined on input 
line 382.

LaTeX Font Info:    Font shape `T1/futs/bx/n' in size <9> not available
(Font)              Font shape `T1/futs/b/n' tried instead on input line 382.
[18] [19]

Package natbib Warning: Citation `holt_1985' on page 20 undefined on input line
 401.


Package natbib Warning: Citation `pulliam_1988' on page 20 undefined on input l
ine 401.


Underfull \hbox (badness 10000) in paragraph at lines 407--413

 []

[20]
<fig3a.pdf, id=352, 188.57753pt x 149.76955pt>
File: fig3a.pdf Graphic file (type pdf)
<use fig3a.pdf>
Package pdftex.def Info: fig3a.pdf  used on input line 420.
(pdftex.def)             Requested size: 226.48395pt x 179.88707pt.
<fig3b.pdf, id=353, 188.57753pt x 149.77657pt>
File: fig3b.pdf Graphic file (type pdf)
<use fig3b.pdf>
Package pdftex.def Info: fig3b.pdf  used on input line 425.
(pdftex.def)             Requested size: 226.48395pt x 179.89551pt.
<fig3c.pdf, id=354, 188.57753pt x 149.76955pt>
File: fig3c.pdf Graphic file (type pdf)
<use fig3c.pdf>
Package pdftex.def Info: fig3c.pdf  used on input line 430.
(pdftex.def)             Requested size: 226.48395pt x 179.88707pt.
<fig3d.pdf, id=355, 188.57753pt x 149.77657pt>
File: fig3d.pdf Graphic file (type pdf)
<use fig3d.pdf>
Package pdftex.def Info: fig3d.pdf  used on input line 435.
(pdftex.def)             Requested size: 226.48395pt x 179.89551pt.
 [21] [22 <./fig3a.pdf> <./fig3b.pdf

pdfTeX warning: /Library/TeX/texbin/pdflatex (file ./fig3b.pdf): PDF inclusion:
 multiple pdfs with page group included in a single page
> <./fig3c.pdf

pdfTeX warning: /Library/TeX/texbin/pdflatex (file ./fig3c.pdf): PDF inclusion:
 multiple pdfs with page group included in a single page
> <./fig3d.pdf

pdfTeX warning: /Library/TeX/texbin/pdflatex (file ./fig3d.pdf): PDF inclusion:
 multiple pdfs with page group included in a single page
>]

Package natbib Warning: Citation `hermisson_2017' on page 23 undefined on input
 line 458.

<fig4a.pdf, id=489, 188.82043pt x 148.01599pt>
File: fig4a.pdf Graphic file (type pdf)
<use fig4a.pdf>
Package pdftex.def Info: fig4a.pdf  used on input line 471.
(pdftex.def)             Requested size: 226.48395pt x 177.54602pt.
<fig4b.pdf, id=490, 188.82043pt x 148.01599pt>
File: fig4b.pdf Graphic file (type pdf)
<use fig4b.pdf>
Package pdftex.def Info: fig4b.pdf  used on input line 476.
(pdftex.def)             Requested size: 226.48395pt x 177.54602pt.

Package natbib Warning: Citation `alexander_2014' on page 23 undefined on input
 line 487.

[23] [24 <./fig4a.pdf> <./fig4b.pdf

pdfTeX warning: /Library/TeX/texbin/pdflatex (file ./fig4b.pdf): PDF inclusion:
 multiple pdfs with page group included in a single page
>]

Package natbib Warning: Citation `uecker_2014' on page 25 undefined on input li
ne 502.

[25]
<fig5a.pdf, id=585, 187.97829pt x 147.73393pt>
File: fig5a.pdf Graphic file (type pdf)
<use fig5a.pdf>
Package pdftex.def Info: fig5a.pdf  used on input line 508.
(pdftex.def)             Requested size: 226.48395pt x 178.00343pt.
<fig5b.pdf, id=586, 187.97829pt x 147.73393pt>
File: fig5b.pdf Graphic file (type pdf)
<use fig5b.pdf>
Package pdftex.def Info: fig5b.pdf  used on input line 513.
(pdftex.def)             Requested size: 226.48395pt x 178.00343pt.
<fig5c.pdf, id=587, 187.97829pt x 147.73393pt>
File: fig5c.pdf Graphic file (type pdf)
<use fig5c.pdf>
Package pdftex.def Info: fig5c.pdf  used on input line 518.
(pdftex.def)             Requested size: 226.48395pt x 178.00343pt.
<fig5d.pdf, id=588, 187.97829pt x 147.73393pt>
File: fig5d.pdf Graphic file (type pdf)
<use fig5d.pdf>
Package pdftex.def Info: fig5d.pdf  used on input line 523.
(pdftex.def)             Requested size: 226.48395pt x 178.00343pt.
 [26 <./fig5a.pdf> <./fig5b.pdf

pdfTeX warning: /Library/TeX/texbin/pdflatex (file ./fig5b.pdf): PDF inclusion:
 multiple pdfs with page group included in a single page
> <./fig5c.pdf

pdfTeX warning: /Library/TeX/texbin/pdflatex (file ./fig5c.pdf): PDF inclusion:
 multiple pdfs with page group included in a single page
> <./fig5d.pdf

pdfTeX warning: /Library/TeX/texbin/pdflatex (file ./fig5d.pdf): PDF inclusion:
 multiple pdfs with page group included in a single page
>]

Package natbib Warning: Citation `uecker_2014' on page 27 undefined on input li
ne 536.


Package natbib Warning: Citation `tomasini_2019' on page 27 undefined on input 
line 536.


Package natbib Warning: Citation `wilson_2018' on page 27 undefined on input li
ne 539.


Package natbib Warning: Citation `hermisson_2017' on page 27 undefined on input
 line 539.

[27]
<fig6a.pdf, id=735, 187.71732pt x 147.25815pt>
File: fig6a.pdf Graphic file (type pdf)
<use fig6a.pdf>
Package pdftex.def Info: fig6a.pdf  used on input line 545.
(pdftex.def)             Requested size: 226.48395pt x 177.68181pt.
<fig6b.pdf, id=736, 187.71732pt x 147.73393pt>
File: fig6b.pdf Graphic file (type pdf)
<use fig6b.pdf>
Package pdftex.def Info: fig6b.pdf  used on input line 550.
(pdftex.def)             Requested size: 226.48395pt x 178.2559pt.
 [28 <./fig6a.pdf> <./fig6b.pdf

pdfTeX warning: /Library/TeX/texbin/pdflatex (file ./fig6b.pdf): PDF inclusion:
 multiple pdfs with page group included in a single page
>]

Package natbib Warning: Citation `garcia_1997' on page 29 undefined on input li
ne 575.


Package natbib Warning: Citation `lenormand_2002' on page 29 undefined on input
 line 575.


Package natbib Warning: Citation `tomasini_2018' on page 29 undefined on input 
line 575.

[29]

Package natbib Warning: Citation `holt_1985' on page 30 undefined on input line
 577.


Package natbib Warning: Citation `pulliam_1988' on page 30 undefined on input l
ine 577.


Package natbib Warning: Citation `kawecki_2000' on page 30 undefined on input l
ine 578.

[30]

Package natbib Warning: Citation `matuszewski_2015' on page 31 undefined on inp
ut line 593.


Package natbib Warning: Citation `guzella_2018' on page 31 undefined on input l
ine 593.


Package natbib Warning: Citation `edelaar_2008' on page 31 undefined on input l
ine 596.


Package natbib Warning: Citation `clobert_2009' on page 31 undefined on input l
ine 596.


Package natbib Warning: Citation `edelaar_2012' on page 31 undefined on input l
ine 596.


Package natbib Warning: Citation `vuilleumier_2010' on page 31 undefined on inp
ut line 597.


Package natbib Warning: Citation `holt_2015' on page 31 undefined on input line
 597.


Package natbib Warning: Citation `mortier_2018' on page 31 undefined on input l
ine 597.


Package natbib Warning: Citation `pellerin_2018' on page 31 undefined on input 
line 597.


Package natbib Warning: Citation `vuilleumier_2010' on page 31 undefined on inp
ut line 599.


Package natbib Warning: Citation `holt_2015' on page 31 undefined on input line
 599.

[31]

Package natbib Warning: Citation `uecker_2015' on page 32 undefined on input li
ne 605.


Package natbib Warning: Citation `tomasini_2018' on page 32 undefined on input 
line 620.

[32]

Package natbib Warning: Citation `holt_2015' on page 33 undefined on input line
 623.


Package natbib Warning: Citation `mortier_2018' on page 33 undefined on input l
ine 623.


Package natbib Warning: Citation `holt_2015' on page 33 undefined on input line
 625.


Package natbib Warning: Citation `massol_2015' on page 33 undefined on input li
ne 625.


Underfull \hbox (badness 10000) in paragraph at lines 625--626

 []

[33]
Overfull \hbox (4.7553pt too wide) in paragraph at lines 631--632
\T1/futs/m/n/10.95 (-20) ics Fa-cil-ity (MI-GALE, INRA, 2018. Mi-gale Bioin-for
-mat-ics Fa-cil-ity, doi: 10.15454/1.5572390655343293E12)
 []

No file main.bbl.

Package natbib Warning: There were undefined citations.

Package atveryend Info: Empty hook `BeforeClearDocument' on input line 636.
[34]
Package atveryend Info: Empty hook `AfterLastShipout' on input line 636.
 (./main.aux)
Package atveryend Info: Executing hook `AtVeryEndDocument' on input line 636.
Package atveryend Info: Executing hook `AtEndAfterFileList' on input line 636.
Package rerunfilecheck Info: File `main.out' has not changed.
(rerunfilecheck)             Checksum: D41D8CD98F00B204E9800998ECF8427E;0.
Package atveryend Info: Empty hook `AtVeryVeryEnd' on input line 636.
 ) 
Here is how much of TeX's memory you used:
 13414 strings out of 492616
 204450 string characters out of 6129481
 340352 words of memory out of 5000000
 16552 multiletter control sequences out of 15000+600000
 204760 words of font info for 457 fonts, out of 8000000 for 9000
 1141 hyphenation exceptions out of 8191
 43i,21n,79p,2241b,640s stack positions out of 5000i,500n,10000p,200000b,80000s
{/usr/local/texlive/2019/texmf-dist/fonts/enc/dvips/cm-super/cm-super-t1.enc}
{/usr/local/texlive/2019/texmf-dist/fonts/enc/dvips/fira/fir_ggqhxd.enc}{/usr/l
ocal/texlive/2019/texmf-dist/fonts/enc/dvips/base/8r.enc}</usr/local/texlive/20
19/texmf-dist/fonts/type1/public/fira/FiraSans-Regular.pfb></usr/local/texlive/
2019/texmf-dist/fonts/type1/public/amsfonts/cm/cmmi10.pfb></usr/local/texlive/2
019/texmf-dist/fonts/type1/public/amsfonts/cm/cmr10.pfb></usr/local/texlive/201
9/texmf-dist/fonts/type1/public/amsfonts/cm/cmr7.pfb></usr/local/texlive/2019/t
exmf-dist/fonts/type1/public/amsfonts/cm/cmr8.pfb></usr/local/texlive/2019/texm
f-dist/fonts/type1/public/amsfonts/cm/cmsy10.pfb></usr/local/texlive/2019/texmf
-dist/fonts/type1/public/fourier/fourier-bb.pfb></usr/local/texlive/2019/texmf-
dist/fonts/type1/public/fourier/fourier-mex.pfb></usr/local/texlive/2019/texmf-
dist/fonts/type1/public/fourier/fourier-mlit.pfb></usr/local/texlive/2019/texmf
-dist/fonts/type1/public/fourier/fourier-ms.pfb></usr/local/texlive/2019/texmf-
dist/fonts/type1/public/amsfonts/symbols/msam10.pfb></usr/local/texlive/2019/te
xmf-dist/fonts/type1/adobe/utopia/putb8a.pfb></usr/local/texlive/2019/texmf-dis
t/fonts/type1/adobe/utopia/putr8a.pfb></usr/local/texlive/2019/texmf-dist/fonts
/type1/adobe/utopia/putri8a.pfb></usr/local/texlive/2019/texmf-dist/fonts/type1
/public/cm-super/sftt1000.pfb>
Output written on main.pdf (34 pages, 536356 bytes).
PDF statistics:
 923 PDF objects out of 1000 (max. 8388607)
 612 compressed objects within 7 object streams
 79 named destinations out of 1000 (max. 500000)
 48214 words of extra memory for PDF output out of 51595 (max. 10000000)

